<?xml version="1.0" encoding="UTF-8"?>
<!-- Generated by org.testng.reporters.JUnitReportReporter -->
<testsuite hostname="DESKTOP-3T0QBIC" failures="0" tests="4" name="TestNG.TestNGProject.priority" time="0.014" errors="0" timestamp="2022-02-06T00:48:14 IST" skipped="0">
  <testcase classname="TestNG.TestNGProject.priority" name="searchWatch" time="0.010"/>
  <system-out/>
  <testcase classname="TestNG.TestNGProject.priority" name="searchMobile" time="0.001"/>
  <system-out/>
  <testcase classname="TestNG.TestNGProject.priority" name="searchLaptop" time="0.002"/>
  <system-out/>
  <testcase classname="TestNG.TestNGProject.priority" name="searchtv" time="0.001"/>
  <system-out/>
</testsuite> <!-- TestNG.TestNGProject.priority -->
