<?xml version="1.0" encoding="UTF-8"?>
<!-- Generated by org.testng.reporters.JUnitReportReporter -->
<testsuite hostname="DESKTOP-3T0QBIC" failures="0" tests="3" name="testngproject.ignoreTest" time="0.012" errors="0" timestamp="2022-02-06T23:12:09 IST" skipped="1">
  <testcase classname="testngproject.ignoreTest" name="diploma" time="0.002"/>
  <system-out/>
  <testcase classname="testngproject.ignoreTest" name="cbsc" time="0.010"/>
  <system-out/>
  <testcase classname="testngproject.ignoreTest" name="school">
    <skipped/>
  </testcase> <!-- school -->
  <system-out/>
</testsuite> <!-- testngproject.ignoreTest -->
