<?xml version="1.0" encoding="UTF-8"?>
<!-- Generated by org.testng.reporters.JUnitReportReporter -->
<testsuite hostname="DESKTOP-3T0QBIC" failures="0" tests="8" name="TestNG.TestNGProject.invocationTest" time="0.026" errors="0" timestamp="2022-02-06T06:55:19 IST" skipped="0">
  <testcase classname="TestNG.TestNGProject.invocationTest" name="googleCeo" time="0.001"/>
  <system-out/>
  <testcase classname="TestNG.TestNGProject.invocationTest" name="googleCeo" time="0.002"/>
  <system-out/>
  <testcase classname="TestNG.TestNGProject.invocationTest" name="amazon" time="0.013"/>
  <system-out/>
  <testcase classname="TestNG.TestNGProject.invocationTest" name="googleCeo" time="0.003"/>
  <system-out/>
  <testcase classname="TestNG.TestNGProject.invocationTest" name="amazon" time="0.002"/>
  <system-out/>
  <testcase classname="TestNG.TestNGProject.invocationTest" name="googleCeo" time="0.002"/>
  <system-out/>
  <testcase classname="TestNG.TestNGProject.invocationTest" name="tesla" time="0.001"/>
  <system-out/>
  <testcase classname="TestNG.TestNGProject.invocationTest" name="tesla" time="0.002"/>
  <system-out/>
</testsuite> <!-- TestNG.TestNGProject.invocationTest -->
