<?xml version="1.0" encoding="UTF-8"?>
<!-- Generated by org.testng.reporters.JUnitReportReporter -->
<testsuite hostname="DESKTOP-3T0QBIC" failures="0" tests="4" name="testngproject.groupingTest" time="0.010" errors="0" timestamp="2022-02-06T07:31:31 IST" skipped="0">
  <testcase classname="testngproject.groupingTest" name="employeeId" time="0.001"/>
  <system-out/>
  <testcase classname="testngproject.groupingTest" name="bankpass" time="0.001"/>
  <system-out/>
  <testcase classname="testngproject.groupingTest" name="bankId" time="0.007"/>
  <system-out/>
  <testcase classname="testngproject.groupingTest" name="employeeName" time="0.001"/>
  <system-out/>
</testsuite> <!-- testngproject.groupingTest -->
