<?xml version="1.0" encoding="UTF-8"?>
<!-- Generated by org.testng.reporters.JUnitReportReporter -->
<testsuite hostname="DESKTOP-3T0QBIC" failures="0" tests="2" name="testngproject.CrossBrowser" time="54.482" errors="0" timestamp="2022-02-07T17:41:54 IST" skipped="0">
  <testcase classname="testngproject.CrossBrowser" name="flipKartTest" time="30.992"/>
  <system-out/>
  <testcase classname="testngproject.CrossBrowser" name="amazonTest" time="23.490"/>
  <system-out/>
</testsuite> <!-- testngproject.CrossBrowser -->
