<?xml version="1.0" encoding="UTF-8"?>
<!-- Generated by org.testng.reporters.JUnitReportReporter -->
<testsuite hostname="DESKTOP-3T0QBIC" failures="0" tests="4" name="testngproject.dependencyTest" time="0.014" errors="0" timestamp="2022-02-06T23:17:50 IST" skipped="0">
  <testcase classname="testngproject.dependencyTest" name="college" time="0.009"/>
  <system-out/>
  <testcase classname="testngproject.dependencyTest" name="school" time="0.002"/>
  <system-out/>
  <testcase classname="testngproject.dependencyTest" name="cbsc" time="0.002"/>
  <system-out/>
  <testcase classname="testngproject.dependencyTest" name="diploma" time="0.001"/>
  <system-out/>
</testsuite> <!-- testngproject.dependencyTest -->
