<?xml version="1.0" encoding="UTF-8"?>
<!-- Generated by org.testng.reporters.JUnitReportReporter -->
<testsuite hostname="DESKTOP-3T0QBIC" failures="0" tests="2" name="TestNG.TestNGProject.exceptionTest" time="0.010" errors="0" timestamp="2022-02-06T00:38:53 IST" skipped="0">
  <testcase classname="TestNG.TestNGProject.exceptionTest" name="addition" time="0.009"/>
  <system-out/>
  <testcase classname="TestNG.TestNGProject.exceptionTest" name="div" time="0.001"/>
  <system-out/>
</testsuite> <!-- TestNG.TestNGProject.exceptionTest -->
