<?xml version="1.0" encoding="UTF-8"?>
<!-- Generated by org.testng.reporters.JUnitReportReporter -->
<testsuite hostname="DESKTOP-3T0QBIC" failures="0" tests="2" name="testngproject.ParallelTest" time="26.128" errors="0" timestamp="2022-02-07T17:24:19 IST" skipped="0">
  <testcase classname="testngproject.ParallelTest" name="amazonTest" time="12.666"/>
  <system-out/>
  <testcase classname="testngproject.ParallelTest" name="flipKartTest" time="13.462"/>
  <system-out/>
</testsuite> <!-- testngproject.ParallelTest -->
