<?xml version="1.0" encoding="UTF-8"?>
<!-- Generated by org.testng.reporters.JUnitReportReporter -->
<testsuite hostname="DESKTOP-3T0QBIC" failures="0" tests="1" name="testngproject.ParameterisedTest" time="0.009" errors="0" timestamp="2022-02-06T23:34:48 IST" skipped="0">
  <testcase classname="testngproject.ParameterisedTest" name="credentials" time="0.009"/>
  <system-out/>
</testsuite> <!-- testngproject.ParameterisedTest -->
