<?xml version="1.0" encoding="UTF-8"?>
<!-- Generated by org.testng.reporters.JUnitReportReporter -->
<testsuite hostname="DESKTOP-3T0QBIC" failures="0" tests="3" name="testngproject.DataProvider" time="0.014" errors="0" timestamp="2022-02-06T23:46:44 IST" skipped="0">
  <testcase classname="testngproject.DataProvider" name="credentials" time="0.010"/>
  <system-out/>
  <testcase classname="testngproject.DataProvider" name="credentials" time="0.002"/>
  <system-out/>
  <testcase classname="testngproject.DataProvider" name="credentials" time="0.002"/>
  <system-out/>
</testsuite> <!-- testngproject.DataProvider -->
