<?xml version="1.0" encoding="UTF-8"?>
<!-- Generated by org.testng.reporters.JUnitReportReporter -->
<testsuite hostname="DESKTOP-3T0QBIC" failures="0" tests="1" name="TestNG.TestNGProject.timeOut" time="1.093" errors="0" timestamp="2022-02-06T00:53:33 IST" skipped="0">
  <testcase classname="TestNG.TestNGProject.timeOut" name="searchCars" time="1.093"/>
  <system-out/>
</testsuite> <!-- TestNG.TestNGProject.timeOut -->
